<?xml version="1.0" encoding="UTF-8"?>
<testsuite xmlns:xsi="http://www.w3.org/2001/XMLSchema-instance" xsi:noNamespaceSchemaLocation="https://maven.apache.org/surefire/maven-surefire-plugin/xsd/surefire-test-report-3.0.xsd" version="3.0" name="utn.frc.backend.tpi.logistica.ApplicationTests" time="5.529" tests="1" errors="0" skipped="0" failures="0">
  <properties>
[...]
</properties>
  <testcase name="contextLoads" classname="utn.frc.backend.tpi.logistica.ApplicationTests" time="0.493">
    <system-out><![CDATA[11:02:42.240 [main] INFO org.springframework.test.context.support.AnnotationConfigContextLoaderUtils -- Could not detect default configuration classes for test class [utn.frc.backend.tpi.logistica.ApplicationTests]: ApplicationTests does not declare any static, non-private, non-final, nested classes annotated with @Configuration.
11:02:42.310 [main] INFO org.springframework.boot.test.context.SpringBootTestContextBootstrapper -- Found @SpringBootConfiguration utn.frc.backend.tpi.logistica.Application for test class utn.frc.backend.tpi.logistica.ApplicationTests

  .   ____          _            __ _ _
 /\\ / ___'_ __ _ _(_)_ __  __ _ \ \ \ \
( ( )\___ | '_ | '_| | '_ \/ _` | \ \ \ \
 \\/  ___)| |_)| | | | | || (_| |  ) ) ) )
  '  |____| .__|_| |_|_| |_\__, | / / / /
 =========|_|==============|___/=/_/_/_/

 :: Spring Boot ::                (v3.3.6)

2025-11-19 11:02:42.732 INFO  [main] u.f.b.tpi.logistica.ApplicationTests - Starting ApplicationTests using Java 21.0.8 with PID 58359 (started by bisiojuan in /Users/bisiojuan/Desktop/TrabajoPracticoBackend/Final/tp-backend/tp-backend-logistica)
2025-11-19 11:02:42.734 DEBUG [main] u.f.b.tpi.logistica.ApplicationTests - Running with Spring Boot v3.3.6, Spring v6.1.15
2025-11-19 11:02:42.734 INFO  [main] u.f.b.tpi.logistica.ApplicationTests - No active profile set, falling back to 1 default profile: "default"
2025-11-19 11:02:43.610 INFO  [main] o.s.d.r.c.RepositoryConfigurationDelegate - Bootstrapping Spring Data JPA repositories in DEFAULT mode.
2025-11-19 11:02:43.717 INFO  [main] o.s.d.r.c.RepositoryConfigurationDelegate - Finished Spring Data repository scanning in 99 ms. Found 3 JPA repository interfaces.
2025-11-19 11:02:44.287 INFO  [main] o.h.jpa.internal.util.LogHelper - HHH000204: Processing PersistenceUnitInfo [name: default]
2025-11-19 11:02:44.327 INFO  [main] org.hibernate.Version - HHH000412: Hibernate ORM core version 6.5.3.Final
2025-11-19 11:02:44.348 INFO  [main] o.h.c.i.RegionFactoryInitiator - HHH000026: Second-level cache disabled
2025-11-19 11:02:44.537 INFO  [main] o.s.o.j.p.SpringPersistenceUnitInfo - No LoadTimeWeaver setup: ignoring JPA class transformer
2025-11-19 11:02:44.560 INFO  [main] com.zaxxer.hikari.HikariDataSource - HikariPool-1 - Starting...
2025-11-19 11:02:44.707 INFO  [main] com.zaxxer.hikari.pool.HikariPool - HikariPool-1 - Added connection conn0: url=jdbc:h2:file:./data/tpiDb-logistica user=SA
2025-11-19 11:02:44.707 INFO  [main] com.zaxxer.hikari.HikariDataSource - HikariPool-1 - Start completed.
2025-11-19 11:02:44.723 WARN  [main] org.hibernate.orm.deprecation - HHH90000025: H2Dialect does not need to be specified explicitly using 'hibernate.dialect' (remove the property setting and it will be selected by default)
2025-11-19 11:02:45.308 INFO  [main] o.h.e.t.j.p.i.JtaPlatformInitiator - HHH000489: No JTA platform available (set 'hibernate.transaction.jta.platform' to enable JTA platform integration)
2025-11-19 11:02:45.315 DEBUG [main] org.hibernate.SQL - drop table if exists solicitud cascade 
Hibernate: drop table if exists solicitud cascade 
2025-11-19 11:02:45.318 DEBUG [main] org.hibernate.SQL - drop table if exists tarifa cascade 
Hibernate: drop table if exists tarifa cascade 
2025-11-19 11:02:45.319 DEBUG [main] org.hibernate.SQL - drop table if exists tramo_ruta cascade 
Hibernate: drop table if exists tramo_ruta cascade 
2025-11-19 11:02:45.322 DEBUG [main] org.hibernate.SQL - create table solicitud (costo_estimado float(53), costo_real float(53), es_finalizada boolean not null, fecha_estimada_despacho date, tiempo_estimado_horas float(53), tiempo_real_horas float(53), camion_id bigint, ciudad_destino_id bigint, ciudad_origen_id bigint, contenedor_id bigint, deposito_id bigint, id bigint generated by default as identity, estado_solicitud varchar(255), primary key (id))
Hibernate: create table solicitud (costo_estimado float(53), costo_real float(53), es_finalizada boolean not null, fecha_estimada_despacho date, tiempo_estimado_horas float(53), tiempo_real_horas float(53), camion_id bigint, ciudad_destino_id bigint, ciudad_origen_id bigint, contenedor_id bigint, deposito_id bigint, id bigint generated by default as identity, estado_solicitud varchar(255), primary key (id))
2025-11-19 11:02:45.323 DEBUG [main] org.hibernate.SQL - create table tarifa (costo_base_por_tramo float(53), costo_combustible_litro float(53), costo_estadia_deposito_dia float(53), costo_por_km float(53), peso_maximo float(53), peso_minimo float(53), volumen_maximo float(53), volumen_minimo float(53), id bigint generated by default as identity, tipo_tarifa varchar(255), primary key (id))
Hibernate: create table tarifa (costo_base_por_tramo float(53), costo_combustible_litro float(53), costo_estadia_deposito_dia float(53), costo_por_km float(53), peso_maximo float(53), peso_minimo float(53), volumen_maximo float(53), volumen_minimo float(53), id bigint generated by default as identity, tipo_tarifa varchar(255), primary key (id))
2025-11-19 11:02:45.324 DEBUG [main] org.hibernate.SQL - create table tramo_ruta (costo_estimado float(53), costo_real float(53), distancia float(53), fecha_estimada_llegada date, fecha_estimada_salida date, fecha_real_llegada date, fecha_real_salida date, orden integer, tiempo_estimado float(53), tiempo_real_horas float(53), camion_id bigint, id bigint generated by default as identity, solicitud_id bigint, ubicacion_destino_id bigint, ubicacion_origen_id bigint, destino_tipo varchar(255), estado_tramo varchar(255), origen_tipo varchar(255), primary key (id))
Hibernate: create table tramo_ruta (costo_estimado float(53), costo_real float(53), distancia float(53), fecha_estimada_llegada date, fecha_estimada_salida date, fecha_real_llegada date, fecha_real_salida date, orden integer, tiempo_estimado float(53), tiempo_real_horas float(53), camion_id bigint, id bigint generated by default as identity, solicitud_id bigint, ubicacion_destino_id bigint, ubicacion_origen_id bigint, destino_tipo varchar(255), estado_tramo varchar(255), origen_tipo varchar(255), primary key (id))
2025-11-19 11:02:45.330 DEBUG [main] org.hibernate.SQL - alter table if exists tramo_ruta add constraint FK73fy6you1siiddtbslpa8v53e foreign key (solicitud_id) references solicitud
Hibernate: alter table if exists tramo_ruta add constraint FK73fy6you1siiddtbslpa8v53e foreign key (solicitud_id) references solicitud
2025-11-19 11:02:45.336 INFO  [main] o.s.o.j.LocalContainerEntityManagerFactoryBean - Initialized JPA EntityManagerFactory for persistence unit 'default'
2025-11-19 11:02:46.078 WARN  [main] o.s.b.a.o.j.JpaBaseConfiguration$JpaWebConfiguration - spring.jpa.open-in-view is enabled by default. Therefore, database queries may be performed during view rendering. Explicitly configure spring.jpa.open-in-view to disable this warning
2025-11-19 11:02:46.987 INFO  [main] o.s.b.a.h.H2ConsoleAutoConfiguration - H2 console available at '/h2'. Database available at 'jdbc:h2:file:./data/tpiDb-logistica'
2025-11-19 11:02:47.043 INFO  [main] o.s.b.a.e.web.EndpointLinksResolver - Exposing 1 endpoint beneath base path '/actuator'
2025-11-19 11:02:47.096 INFO  [main] u.f.b.tpi.logistica.ApplicationTests - Started ApplicationTests in 4.695 seconds (process running for 5.322)
]]></system-out>
    <system-err><![CDATA[WARNING: A Java agent has been loaded dynamically (/Users/bisiojuan/.m2/repository/net/bytebuddy/byte-buddy-agent/1.14.19/byte-buddy-agent-1.14.19.jar)
WARNING: If a serviceability tool is in use, please run with -XX:+EnableDynamicAgentLoading to hide this warning
WARNING: If a serviceability tool is not in use, please run with -Djdk.instrument.traceUsage for more information
WARNING: Dynamic loading of agents will be disallowed by default in a future release
]]></system-err>
  </testcase>
</testsuite>